# JRE version: OpenJDK Runtime Environment (8.0_242-b01) (build 1.8.0_242-release-1644-b01)
# Java VM: OpenJDK 64-Bit Server VM (25.242-b01 mixed mode windows-amd64 compressed oops)
Heap:
 PSYoungGen      total 441344K, used 334780K [0x00000000d5580000, 0x00000000f5480000, 0x0000000100000000)
  eden space 393216K, 82% used [0x00000000d5580000,0x00000000e90631e0,0x00000000ed580000)
  from space 48128K, 25% used [0x00000000ed580000,0x00000000ee18c080,0x00000000f0480000)
  to   space 46592K, 0% used [0x00000000f2700000,0x00000000f2700000,0x00000000f5480000)
 ParOldGen       total 200704K, used 56084K [0x0000000080000000, 0x000000008c400000, 0x00000000d5580000)
  object space 200704K, 27% used [0x0000000080000000,0x00000000836c5308,0x000000008c400000)
 Metaspace       used 97828K, capacity 103362K, committed 103464K, reserved 1138688K
  class space    used 12651K, capacity 13614K, committed 13616K, reserved 1048576K
GC Heap History (10 events):
Event: 4743.935 GC heap before
{Heap before GC invocations=22 (full 4):
 PSYoungGen      total 343040K, used 343011K [0x00000000d5580000, 0x00000000f2100000, 0x0000000100000000)
  eden space 309760K, 100% used [0x00000000d5580000,0x00000000e8400000,0x00000000e8400000)
  from space 33280K, 99% used [0x00000000e8400000,0x00000000ea478fa0,0x00000000ea480000)
  to   space 54784K, 0% used [0x00000000eeb80000,0x00000000eeb80000,0x00000000f2100000)
 ParOldGen       total 166400K, used 108331K [0x0000000080000000, 0x000000008a280000, 0x00000000d5580000)
  object space 166400K, 65% used [0x0000000080000000,0x00000000869caf88,0x000000008a280000)
 Metaspace       used 95847K, capacity 100288K, committed 101672K, reserved 1136640K
  class space    used 12481K, capacity 13277K, committed 13616K, reserved 1048576K
Event: 4743.995 GC heap after
Heap after GC invocations=22 (full 4):
 PSYoungGen      total 394240K, used 16494K [0x00000000d5580000, 0x00000000f1400000, 0x0000000100000000)
  eden space 352768K, 0% used [0x00000000d5580000,0x00000000d5580000,0x00000000eae00000)
  from space 41472K, 39% used [0x00000000eeb80000,0x00000000efb9ba78,0x00000000f1400000)
  to   space 52224K, 0% used [0x00000000eae00000,0x00000000eae00000,0x00000000ee100000)
 ParOldGen       total 166400K, used 136224K [0x0000000080000000, 0x000000008a280000, 0x00000000d5580000)
  object space 166400K, 81% used [0x0000000080000000,0x0000000088508258,0x000000008a280000)
 Metaspace       used 95847K, capacity 100288K, committed 101672K, reserved 1136640K
  class space    used 12481K, capacity 13277K, committed 13616K, reserved 1048576K
}
Event: 4743.995 GC heap before
{Heap before GC invocations=23 (full 5):
 PSYoungGen      total 394240K, used 16494K [0x00000000d5580000, 0x00000000f1400000, 0x0000000100000000)
  eden space 352768K, 0% used [0x00000000d5580000,0x00000000d5580000,0x00000000eae00000)
  from space 41472K, 39% used [0x00000000eeb80000,0x00000000efb9ba78,0x00000000f1400000)
  to   space 52224K, 0% used [0x00000000eae00000,0x00000000eae00000,0x00000000ee100000)
 ParOldGen       total 166400K, used 136224K [0x0000000080000000, 0x000000008a280000, 0x00000000d5580000)
  object space 166400K, 81% used [0x0000000080000000,0x0000000088508258,0x000000008a280000)
 Metaspace       used 95847K, capacity 100288K, committed 101672K, reserved 1136640K
  class space    used 12481K, capacity 13277K, committed 13616K, reserved 1048576K
Event: 4744.307 GC heap after
Heap after GC invocations=23 (full 5):
 PSYoungGen      total 394240K, used 0K [0x00000000d5580000, 0x00000000f1400000, 0x0000000100000000)
  eden space 352768K, 0% used [0x00000000d5580000,0x00000000d5580000,0x00000000eae00000)
  from space 41472K, 0% used [0x00000000eeb80000,0x00000000eeb80000,0x00000000f1400000)
  to   space 52224K, 0% used [0x00000000eae00000,0x00000000eae00000,0x00000000ee100000)
 ParOldGen       total 200704K, used 56060K [0x0000000080000000, 0x000000008c400000, 0x00000000d5580000)
  object space 200704K, 27% used [0x0000000080000000,0x00000000836bf308,0x000000008c400000)
 Metaspace       used 95763K, capacity 100038K, committed 101672K, reserved 1136640K
  class space    used 12452K, capacity 13224K, committed 13616K, reserved 1048576K
}
Event: 4798.760 GC heap before
{Heap before GC invocations=24 (full 5):
 PSYoungGen      total 394240K, used 352768K [0x00000000d5580000, 0x00000000f1400000, 0x0000000100000000)
  eden space 352768K, 100% used [0x00000000d5580000,0x00000000eae00000,0x00000000eae00000)
  from space 41472K, 0% used [0x00000000eeb80000,0x00000000eeb80000,0x00000000f1400000)
  to   space 52224K, 0% used [0x00000000eae00000,0x00000000eae00000,0x00000000ee100000)
 ParOldGen       total 200704K, used 56060K [0x0000000080000000, 0x000000008c400000, 0x00000000d5580000)
  object space 200704K, 27% used [0x0000000080000000,0x00000000836bf308,0x000000008c400000)
 Metaspace       used 96344K, capacity 100732K, committed 101928K, reserved 1138688K
  class space    used 12479K, capacity 13269K, committed 13616K, reserved 1048576K
Event: 4798.786 GC heap after
Heap after GC invocations=24 (full 5):
 PSYoungGen      total 404992K, used 13441K [0x00000000d5580000, 0x00000000f3f80000, 0x0000000100000000)
  eden space 352768K, 0% used [0x00000000d5580000,0x00000000d5580000,0x00000000eae00000)
  from space 52224K, 25% used [0x00000000eae00000,0x00000000ebb204d8,0x00000000ee100000)
  to   space 50176K, 0% used [0x00000000f0e80000,0x00000000f0e80000,0x00000000f3f80000)
 ParOldGen       total 200704K, used 56068K [0x0000000080000000, 0x000000008c400000, 0x00000000d5580000)
  object space 200704K, 27% used [0x0000000080000000,0x00000000836c1308,0x000000008c400000)
 Metaspace       used 96344K, capacity 100732K, committed 101928K, reserved 1138688K
  class space    used 12479K, capacity 13269K, committed 13616K, reserved 1048576K
}
Event: 4887.323 GC heap before
{Heap before GC invocations=25 (full 5):
 PSYoungGen      total 404992K, used 366209K [0x00000000d5580000, 0x00000000f3f80000, 0x0000000100000000)
  eden space 352768K, 100% used [0x00000000d5580000,0x00000000eae00000,0x00000000eae00000)
  from space 52224K, 25% used [0x00000000eae00000,0x00000000ebb204d8,0x00000000ee100000)
  to   space 50176K, 0% used [0x00000000f0e80000,0x00000000f0e80000,0x00000000f3f80000)
 ParOldGen       total 200704K, used 56068K [0x0000000080000000, 0x000000008c400000, 0x00000000d5580000)
  object space 200704K, 27% used [0x0000000080000000,0x00000000836c1308,0x000000008c400000)
 Metaspace       used 96644K, capacity 101264K, committed 102184K, reserved 1138688K
  class space    used 12503K, capacity 13341K, committed 13616K, reserved 1048576K
Event: 4887.338 GC heap after
Heap after GC invocations=25 (full 5):
 PSYoungGen      total 431104K, used 14633K [0x00000000d5580000, 0x00000000f3380000, 0x0000000100000000)
  eden space 393216K, 0% used [0x00000000d5580000,0x00000000d5580000,0x00000000ed580000)
  from space 37888K, 38% used [0x00000000f0e80000,0x00000000f1cca790,0x00000000f3380000)
  to   space 48128K, 0% used [0x00000000ed580000,0x00000000ed580000,0x00000000f0480000)
 ParOldGen       total 200704K, used 56076K [0x0000000080000000, 0x000000008c400000, 0x00000000d5580000)
  object space 200704K, 27% used [0x0000000080000000,0x00000000836c3308,0x000000008c400000)
 Metaspace       used 96644K, capacity 101264K, committed 102184K, reserved 1138688K
  class space    used 12503K, capacity 13341K, committed 13616K, reserved 1048576K
}
Event: 4947.120 GC heap before
{Heap before GC invocations=26 (full 5):
 PSYoungGen      total 431104K, used 407849K [0x00000000d5580000, 0x00000000f3380000, 0x0000000100000000)
  eden space 393216K, 100% used [0x00000000d5580000,0x00000000ed580000,0x00000000ed580000)
  from space 37888K, 38% used [0x00000000f0e80000,0x00000000f1cca790,0x00000000f3380000)
  to   space 48128K, 0% used [0x00000000ed580000,0x00000000ed580000,0x00000000f0480000)
 ParOldGen       total 200704K, used 56076K [0x0000000080000000, 0x000000008c400000, 0x00000000d5580000)
  object space 200704K, 27% used [0x0000000080000000,0x00000000836c3308,0x000000008c400000)
 Metaspace       used 96931K, capacity 101438K, committed 102440K, reserved 1138688K
  class space    used 12513K, capacity 13358K, committed 13616K, reserved 1048576K
Event: 4947.136 GC heap after
Heap after GC invocations=26 (full 5):
 PSYoungGen      total 441344K, used 12336K [0x00000000d5580000, 0x00000000f5480000, 0x0000000100000000)
  eden space 393216K, 0% used [0x00000000d5580000,0x00000000d5580000,0x00000000ed580000)
  from space 48128K, 25% used [0x00000000ed580000,0x00000000ee18c080,0x00000000f0480000)
  to   space 46592K, 0% used [0x00000000f2700000,0x00000000f2700000,0x00000000f5480000)
 ParOldGen       total 200704K, used 56084K [0x0000000080000000, 0x000000008c400000, 0x00000000d5580000)
  object space 200704K, 27% used [0x0000000080000000,0x00000000836c5308,0x000000008c400000)
 Metaspace       used 96931K, capacity 101438K, committed 102440K, reserved 1138688K
  class space    used 12513K, capacity 13358K, committed 13616K, reserved 1048576K
}

